{"@timestamp":"2026-02-10T13:34:30.4121045+03:00","thread_name":"main","message":"Starting CardInfoControllerTest using Java 21.0.6 with PID 29424 (started by pugac in D:\\Julia\\INNOWICE\\rootproject\\userservice)"}
{"@timestamp":"2026-02-10T13:34:30.4221842+03:00","thread_name":"main","message":"The following 1 profile is active: \"test\""}
{"@timestamp":"2026-02-10T13:34:33.69645+03:00","thread_name":"main","message":"Started CardInfoControllerTest in 4.141 seconds (process running for 5.852)"}
{"@timestamp":"2026-02-10T13:34:33.9072877+03:00","thread_name":"main","message":"Request to find CardInfos by userId: 1"}
{"@timestamp":"2026-02-10T13:34:34.0754936+03:00","thread_name":"main","message":"Request to delete the CardInfo by id: 1"}
{"@timestamp":"2026-02-10T13:34:34.0957691+03:00","thread_name":"main","message":"Request to find the CardInfo by number: 1111222233334444"}
{"@timestamp":"2026-02-10T13:34:34.1074616+03:00","thread_name":"main","message":"Request to find all CardInfos"}
{"@timestamp":"2026-02-10T13:34:34.1185797+03:00","thread_name":"main","message":"Request to find the CardInfo by number: 1111222233334444"}
{"@timestamp":"2026-02-10T13:34:34.132639+03:00","thread_name":"main","message":"Request to find the CardInfo by id: 1"}
{"@timestamp":"2026-02-10T13:34:34.2381545+03:00","thread_name":"main","message":"Request to update the CardInfo: CardInfoDto(cardId=1, number=1111222233334444, holder=TestUser, expirationDate=2030-03-03, userId=null)"}
{"@timestamp":"2026-02-10T13:34:34.2512687+03:00","thread_name":"main","message":"Request to delete the CardInfo by id: 1"}
{"@timestamp":"2026-02-10T13:34:34.2653924+03:00","thread_name":"main","message":"Request to find expired CardInfos"}
{"@timestamp":"2026-02-10T13:34:34.2785011+03:00","thread_name":"main","message":"Request to update the CardInfo: CardInfoDto(cardId=1, number=1111222233334444, holder=TestUser, expirationDate=2030-03-03, userId=null)"}
{"@timestamp":"2026-02-10T13:34:34.29248+03:00","thread_name":"main","message":"Request to find all CardInfos with pagination"}
{"@timestamp":"2026-02-10T13:34:34.3173597+03:00","thread_name":"main","message":"Request to find CardInfos by IDs: [1, 2, 3]"}
{"@timestamp":"2026-02-10T13:34:34.3295464+03:00","thread_name":"main","message":"Request to add new CardInfo: CardInfoDto(cardId=1, number=1111222233334444, holder=TestUser, expirationDate=2030-03-03, userId=null)"}
{"@timestamp":"2026-02-10T13:34:34.338636+03:00","thread_name":"main","message":"Request to find the CardInfo by id: 1"}
{"@timestamp":"2026-02-10T13:34:34.4269996+03:00","thread_name":"main","message":"Starting InternalControllerTest using Java 21.0.6 with PID 29424 (started by pugac in D:\\Julia\\INNOWICE\\rootproject\\userservice)"}
{"@timestamp":"2026-02-10T13:34:34.428176+03:00","thread_name":"main","message":"The following 1 profile is active: \"test\""}
{"@timestamp":"2026-02-10T13:34:34.9428262+03:00","thread_name":"main","message":"Started InternalControllerTest in 0.557 seconds (process running for 7.099)"}
{"@timestamp":"2026-02-10T13:34:34.9579951+03:00","thread_name":"main","message":"Request to find the User by id: 1"}
{"@timestamp":"2026-02-10T13:34:34.9675179+03:00","thread_name":"main","message":"Request to find the User by email: test@test.by"}
{"@timestamp":"2026-02-10T13:34:34.9750267+03:00","thread_name":"main","message":"Request to find the User by id: 1"}
{"@timestamp":"2026-02-10T13:34:35.0229795+03:00","thread_name":"main","message":"Request to add a new User: UserDto(userId=1, name=TestName, surname=TestSurName, birthDate=2000-02-02, email=test@test.by, password=pass_test, role=USER)"}
{"@timestamp":"2026-02-10T13:34:35.033504+03:00","thread_name":"main","message":"Request to find the User by id: 1"}
{"@timestamp":"2026-02-10T13:34:35.0386919+03:00","thread_name":"main","message":"Request to find the User by email: test@test.by"}
{"@timestamp":"2026-02-10T13:34:35.0478813+03:00","thread_name":"main","message":"Request to add a new User: UserDto(userId=1, name=TestName, surname=TestSurName, birthDate=2000-02-02, email=test@test.by, password=pass_test, role=USER)"}
{"@timestamp":"2026-02-10T13:34:35.0563971+03:00","thread_name":"main","message":"Request to find the User by email: test@test.by"}
{"@timestamp":"2026-02-10T13:34:35.0649172+03:00","thread_name":"main","message":"Request to add a new User: UserDto(userId=1, name=TestName, surname=TestSurName, birthDate=2000-02-02, email=test@test.by, password=pass_test, role=USER)"}
{"@timestamp":"2026-02-10T13:34:35.0709972+03:00","thread_name":"main","message":"Request to delete the User by id: 1"}
{"@timestamp":"2026-02-10T13:34:35.0791382+03:00","thread_name":"main","message":"Request to find the User by id: 1"}
{"@timestamp":"2026-02-10T13:34:35.0841404+03:00","thread_name":"main","message":"Request to delete the User by id: 1"}
{"@timestamp":"2026-02-10T13:34:35.0912585+03:00","thread_name":"main","message":"Request to find the User by email: test@test.by"}
{"@timestamp":"2026-02-10T13:34:35.0972578+03:00","thread_name":"main","message":"Request to delete the User by id: 1"}
{"@timestamp":"2026-02-10T13:34:35.1049746+03:00","thread_name":"main","message":"Request to delete the User by id: 1"}
{"@timestamp":"2026-02-10T13:34:35.1644893+03:00","thread_name":"main","message":"Starting UserControllerTest using Java 21.0.6 with PID 29424 (started by pugac in D:\\Julia\\INNOWICE\\rootproject\\userservice)"}
{"@timestamp":"2026-02-10T13:34:35.1644893+03:00","thread_name":"main","message":"The following 1 profile is active: \"test\""}
{"@timestamp":"2026-02-10T13:34:35.540564+03:00","thread_name":"main","message":"Started UserControllerTest in 0.401 seconds (process running for 7.697)"}
{"@timestamp":"2026-02-10T13:34:35.5933034+03:00","thread_name":"main","message":"Request to delete the User by id: 1"}
{"@timestamp":"2026-02-10T13:34:35.6158852+03:00","thread_name":"main","message":"Request to update the User: UserDto(userId=1, name=TestName, surname=TestSurName, birthDate=2000-02-02, email=updated_email@test.by, password=pass_test, role=USER)"}
{"@timestamp":"2026-02-10T13:34:35.6300332+03:00","thread_name":"main","message":"Request to find all Users"}
{"@timestamp":"2026-02-10T13:34:35.642557+03:00","thread_name":"main","message":"Request to find Users born after: 1990-01-01"}
{"@timestamp":"2026-02-10T13:34:35.6512611+03:00","thread_name":"main","message":"Request to find the User by email: test@test.by"}
{"@timestamp":"2026-02-10T13:34:35.6674435+03:00","thread_name":"main","message":"Request to find the User by id: 1"}
{"@timestamp":"2026-02-10T13:34:35.675452+03:00","thread_name":"main","message":"Request to find Users by role: USER"}
{"@timestamp":"2026-02-10T13:34:35.6845786+03:00","thread_name":"main","message":"Request to find the User by email: test@test.by"}
{"@timestamp":"2026-02-10T13:34:35.6931064+03:00","thread_name":"main","message":"Request to find Users by IDs: [1, 2, 3]"}
{"@timestamp":"2026-02-10T13:34:35.7007451+03:00","thread_name":"main","message":"Request to find the User by id: 1"}
{"@timestamp":"2026-02-10T13:34:35.7097965+03:00","thread_name":"main","message":"Request to update the User: UserDto(userId=1, name=TestName, surname=TestSurName, birthDate=2000-02-02, email=test@test.by, password=pass_test, role=USER)"}
{"@timestamp":"2026-02-10T13:34:35.7164106+03:00","thread_name":"main","message":"Request to delete the User by id: 1"}
{"@timestamp":"2026-02-10T13:34:35.7239402+03:00","thread_name":"main","message":"Request to find all Users with pagination"}
{"@timestamp":"2026-02-10T13:34:40.4473299+03:00","thread_name":"main","message":"PostgreSQL JDBC URL: jdbc:postgresql://localhost:52371/test?loggerLevel=OFF"}
{"@timestamp":"2026-02-10T13:34:40.4473299+03:00","thread_name":"main","message":"Redis Host: localhost, Port: 53055"}
{"@timestamp":"2026-02-10T13:34:40.5166959+03:00","thread_name":"main","message":"PostgreSQL URL: jdbc:postgresql://localhost:52371/test?loggerLevel=OFF"}
{"@timestamp":"2026-02-10T13:34:40.5206954+03:00","thread_name":"main","message":"Starting CardInfoRepositoryTest using Java 21.0.6 with PID 29424 (started by pugac in D:\\Julia\\INNOWICE\\rootproject\\userservice)"}
{"@timestamp":"2026-02-10T13:34:40.5217026+03:00","thread_name":"main","message":"The following 1 profile is active: \"test\""}
{"@timestamp":"2026-02-10T13:34:43.2627465+03:00","thread_name":"main","message":"Started CardInfoRepositoryTest in 2.773 seconds (process running for 15.418)"}
{"@timestamp":"2026-02-10T13:34:43.6707699+03:00","thread_name":"main","message":"Test to find the CardInfo with number: {} 1111222233334444"}
{"@timestamp":"2026-02-10T13:34:48.2533995+03:00","thread_name":"main","message":"PostgreSQL URL: jdbc:postgresql://localhost:53073/test?loggerLevel=OFF"}
{"@timestamp":"2026-02-10T13:34:48.2543971+03:00","thread_name":"main","message":"Starting UserRepositoryTest using Java 21.0.6 with PID 29424 (started by pugac in D:\\Julia\\INNOWICE\\rootproject\\userservice)"}
{"@timestamp":"2026-02-10T13:34:48.2553991+03:00","thread_name":"main","message":"The following 1 profile is active: \"test\""}
{"@timestamp":"2026-02-10T13:34:49.7344425+03:00","thread_name":"main","message":"Started UserRepositoryTest in 1.497 seconds (process running for 21.89)"}
{"@timestamp":"2026-02-10T13:34:49.7556121+03:00","thread_name":"main","message":"Test to find the User with email: {} test@test.by"}
{"@timestamp":"2026-02-10T13:34:51.2192587+03:00","thread_name":"main","message":"getExpiredCards()"}
{"@timestamp":"2026-02-10T13:34:51.230738+03:00","thread_name":"main","message":"getCardInfoById(): 1"}
{"@timestamp":"2026-02-10T13:34:51.2342742+03:00","thread_name":"main","message":"getCardInfoIdIn()"}
{"@timestamp":"2026-02-10T13:34:51.2382778+03:00","thread_name":"main","message":"deleteCardInfo(): Optional[CardInfo(cardId=null, number=1111222233334444, holder=TestUser, expirationDate=2030-03-03)]"}
{"@timestamp":"2026-02-10T13:34:51.2525401+03:00","thread_name":"main","message":"getByUserId()"}
{"@timestamp":"2026-02-10T13:34:51.2621008+03:00","thread_name":"main","message":"updateCardInfo: CardInfo(cardId=null, number=1111222233334444, holder=New Holder, expirationDate=null)"}
{"@timestamp":"2026-02-10T13:34:51.2687043+03:00","thread_name":"main","message":"getByUserId()"}
{"@timestamp":"2026-02-10T13:34:51.2780329+03:00","thread_name":"main","message":"createCardInfo(): CardInfo(cardId=null, number=1111222233334444, holder=TestUser, expirationDate=2030-03-03)"}
{"@timestamp":"2026-02-10T13:34:51.2861083+03:00","thread_name":"main","message":"getAllCardInfosNativeWithPagination()"}
{"@timestamp":"2026-02-10T13:34:51.2901156+03:00","thread_name":"main","message":"getCardInfoByNumber(): 1111222233334444"}
{"@timestamp":"2026-02-10T13:34:51.2937216+03:00","thread_name":"main","message":"getAllCardInfos()"}
{"@timestamp":"2026-02-10T13:34:51.3668117+03:00","thread_name":"main","message":"getAllUsers()"}
{"@timestamp":"2026-02-10T13:34:51.3704888+03:00","thread_name":"main","message":"createUser(): User(userId=1, name=TestName, surname=TestSurName, birthDate=2000-02-02, email=test@test.by, password=pass_test, role=USER)"}
{"@timestamp":"2026-02-10T13:34:51.37555+03:00","thread_name":"main","message":"getUsersIdIn()"}
{"@timestamp":"2026-02-10T13:34:51.3790754+03:00","thread_name":"main","message":"getUsersByRole(): USER"}
{"@timestamp":"2026-02-10T13:34:51.3820715+03:00","thread_name":"main","message":"getUsersBornAfter(): 1999-02-02"}
{"@timestamp":"2026-02-10T13:34:51.3979615+03:00","thread_name":"main","message":"getUsersById(): 1"}
{"@timestamp":"2026-02-10T13:34:51.4047886+03:00","thread_name":"main","message":"findAllUsersNativeWithPagination()"}
{"@timestamp":"2026-02-10T13:34:51.4123194+03:00","thread_name":"main","message":"deleteUser(): Optional[User(userId=1, name=TestName, surname=TestSurName, birthDate=2000-02-02, email=test@test.by, password=pass_test, role=USER)]"}
{"@timestamp":"2026-02-10T13:34:51.4221725+03:00","thread_name":"main","message":"getUsersByEmail(): Optional[User(userId=1, name=TestName, surname=TestSurName, birthDate=2000-02-02, email=test@test.by, password=pass_test, role=USER)]"}
{"@timestamp":"2026-02-10T13:34:51.4324342+03:00","thread_name":"main","message":"updateUser(): User(userId=1, name=New Name, surname=null, birthDate=null, email=new@email.com, password=null, role=null)"}
{"@timestamp":"2026-02-10T13:34:54.4127743+03:00","thread_name":"main","message":"PostgreSQL URL: jdbc:postgresql://localhost:53095/test?loggerLevel=OFF"}
{"@timestamp":"2026-02-10T13:34:54.4137714+03:00","thread_name":"main","message":"Starting UserServiceApplicationTests using Java 21.0.6 with PID 29424 (started by pugac in D:\\Julia\\INNOWICE\\rootproject\\userservice)"}
{"@timestamp":"2026-02-10T13:34:54.4137714+03:00","thread_name":"main","message":"The following 1 profile is active: \"test\""}
{"@timestamp":"2026-02-10T13:34:56.0735424+03:00","thread_name":"main","message":"Redis Config - Host: localhost, Port: 53093"}
{"@timestamp":"2026-02-10T13:34:59.0223586+03:00","thread_name":"main","message":"Started UserServiceApplicationTests in 4.623 seconds (process running for 31.178)"}
